160
4 9 28 30 37 
4 4 35 39 42 
4 494 93 43 49 
4 490 97 51 53 
4 461 190 57 58 
4 460 196 62 63 
4 450 197 67 68 
4 432 252 74 125 
4 411 286 395 245 
4 446 333 126 139 
4 425 369 368 370 
4 401 420 149 453 
4 390 423 159 374 
4 468 441 380 162 
4 379 33 163 2 
4 378 315 177 180 
4 75 165 188 381 
4 434 300 192 201 
4 386 326 203 382 
4 451 12 214 218 
4 389 482 383 247 
4 117 256 393 225 
4 463 47 243 230 
4 121 1 235 242 
4 13 14 398 263 
4 268 330 402 404 
4 486 279 406 276 
4 294 421 408 251 
4 15 299 246 248 
4 20 21 413 278 
4 302 306 250 264 
4 348 322 253 127 
4 60 7 283 130 
4 147 154 323 131 
4 175 495 255 328 
4 193 334 336 133 
4 375 492 345 257 
4 208 454 134 298 
4 219 120 310 135 
4 240 443 351 254 
4 410 213 25 137 
4 292 141 260 140 
4 484 358 353 142 
4 311 414 327 329 
4 387 352 350 143 
4 52 462 371 145 
4 396 86 259 362 
4 111 156 26 376 
4 155 166 18 23 
4 182 212 267 27 
4 301 189 24 146 
4 17 266 331 29 
4 433 319 272 91 
4 475 337 340 452 
4 6 158 64 429 
4 231 73 470 85 
4 249 11 31 335 
4 71 72 274 282 
4 439 210 82 89 
4 445 261 32 280 
3 412 170 448 
3 324 38 338 
3 0 113 90 
3 388 234 271 
3 391 221 295 
3 356 181 116 
3 367 5 409 
3 472 108 273 
3 419 498 123 
3 430 455 99 
3 473 48 289 
3 277 199 41 
3 385 288 36 
3 459 61 499 
3 467 19 8 
3 384 187 405 
3 397 236 55 
3 407 320 65 
3 431 34 56 
3 474 258 69 
3 360 3 80 
3 438 10 76 
3 444 105 363 
3 447 394 284 
3 422 400 44 
3 427 449 40 
3 437 392 45 
3 403 442 81 
3 304 364 78 
3 307 399 204 
3 332 424 359 
3 92 497 50 
3 361 22 59 
3 372 70 164 
3 377 16 269 
3 151 46 79 
3 160 54 200 
3 172 95 174 
3 186 100 365 
3 195 114 285 
3 207 66 325 
3 226 101 185 
3 237 104 233 
3 341 115 373 
3 217 107 244 
3 339 119 347 
3 136 109 132 
3 148 106 129 
3 198 128 153 
3 144 124 152 
3 211 112 342 
3 344 138 343 
3 349 77 150 
3 346 83 157 
3 355 84 354 
3 357 87 366 
3 173 88 262 
3 321 94 96 
3 223 98 471 
3 481 102 103 
2 416 110 
2 415 118 
2 417 122 
2 418 167 
2 426 161 
2 318 169 
2 428 168 
2 435 171 
2 436 176 
2 317 179 
2 308 178 
2 440 183 
2 456 184 
2 316 191 
2 457 194 
2 458 205 
2 464 202 
2 314 206 
2 465 209 
2 466 215 
2 469 216 
2 313 220 
2 476 222 
2 477 224 
2 478 227 
2 281 229 
2 479 228 
2 287 232 
2 480 238 
2 312 239 
2 483 241 
2 485 265 
2 487 270 
2 309 275 
2 488 290 
2 296 293 
2 491 297 
2 489 291 
2 493 303 
2 496 305 
