1628
4 5357 5121 8148 6404 
4 421 5913 2589 6255 
4 5583 8785 9906 3629 
4 6584 3987 7710 1737 
4 7529 5231 4386 8197 
4 2094 9487 6735 5796 
4 1756 998 2584 8754 
4 2395 2861 6312 59 
4 6655 7923 8873 7569 
4 7704 7444 9612 5515 
4 6632 7262 8452 7796 
4 2489 398 5905 8407 
4 820 604 9004 6459 
4 1729 7064 8603 1248 
4 7549 9354 4848 5886 
4 8733 8189 8437 4318 
4 9529 4449 6839 9213 
4 1524 5744 8479 4574 
4 9483 6823 5416 4100 
4 3904 9620 4233 1287 
4 3626 7108 6476 5427 
4 2545 9383 4004 370 
4 3697 1396 973 4041 
4 9131 847 4863 2061 
4 3015 2155 7792 4644 
4 9247 3135 2687 2222 
4 6668 7168 5363 44 
4 4631 1492 9618 2752 
4 2843 8284 5570 453 
4 2117 7100 8775 461 
4 1561 3505 9765 2932 
4 1423 1385 3295 8287 
4 4036 8854 8004 8591 
4 6640 3715 2345 3273 
4 5616 2096 6639 5918 
4 9813 674 7936 6762 
4 3420 5090 1556 666 
4 2331 2598 1114 5251 
4 2935 1677 5592 4695 
4 3825 1081 8689 8119 
4 9959 5001 864 4147 
4 6756 8384 1388 6613 
4 6196 948 5989 683 
4 7525 4106 9888 3942 
4 9818 5211 5526 4473 
4 8911 7369 8585 8240 
4 8320 5083 5052 936 
4 4194 962 876 9128 
4 3149 4670 3484 2819 
4 2459 8777 7515 2968 
4 132 7863 7819 2246 
4 7577 7939 8837 8814 
4 2723 7368 752 7950 
4 9256 8636 371 2196 
4 3457 2728 7290 8392 
4 8991 7208 9267 684 
4 110 3176 4090 8641 
4 7101 2212 5791 3678 
4 281 63 2499 4916 
4 4808 3656 1101 6240 
4 5602 7259 2475 5651 
4 9614 714 1491 5048 
4 2064 3024 839 9019 
4 9894 1013 2548 1004 
4 7834 4405 3765 6170 
4 7945 4961 5945 4685 
4 7198 1071 8152 1233 
4 1115 7937 9965 3302 
4 2124 3272 3795 4579 
4 9986 3647 6677 9295 
4 5042 2008 4702 7201 
4 384 7927 6495 854 
4 2141 6782 7104 7135 
4 1734 5101 5773 443 
4 2070 1707 2115 4430 
4 8058 336 2922 7409 
4 1164 1214 2080 7540 
4 4957 1341 4917 5214 
4 5046 7961 8639 7896 
4 2558 6702 8063 3499 
4 4788 4886 3463 5653 
4 7825 7202 976 49 
4 1146 1830 7313 9307 
4 4964 6381 4509 3792 
4 6176 818 5772 8612 
4 9568 4983 5295 3047 
4 82 3096 7595 4874 
4 6107 7757 5713 2727 
4 3607 9305 5310 3293 
4 3940 6252 2228 5982 
4 4135 2274 3896 2964 
4 8338 3228 1353 1851 
4 636 6168 3309 887 
4 3566 7136 1210 4406 
4 4322 8608 6550 7305 
4 8485 7516 4925 8322 
4 4240 1203 1671 9433 
4 7543 8745 9866 1988 
4 71 7551 8116 47 
4 6935 9129 1955 4185 
4 4940 5625 4131 7145 
4 9795 4141 7326 5383 
4 7 9527 1812 7579 
4 3437 3114 4167 1322 
4 5219 594 2456 8465 
4 1450 9552 8851 3142 
4 2259 7359 1742 4235 
4 4637 532 3042 766 
4 9 1713 3686 9690 
4 1094 5873 4655 7231 
4 5006 2686 4074 5652 
4 1934 7583 2962 4561 
4 9539 5494 3844 8553 
4 7715 2481 7083 4657 
4 9525 2759 1050 6129 
4 8803 9263 3072 4847 
4 727 1895 4475 4102 
4 723 8250 6957 3357 
4 4112 9532 7308 9917 
4 7447 8387 2982 954 
4 9235 7196 2736 7088 
4 62 2293 8736 8332 
4 4374 1946 8375 4320 
4 3519 3196 9196 213 
4 7032 4619 8010 7648 
4 859 1724 9946 1591 
4 2045 6611 2340 7725 
4 5163 2726 6882 9106 
4 6547 9063 5777 2342 
4 1418 3689 1568 4076 
4 2060 8767 8193 4912 
4 3337 850 9119 3155 
4 5904 2652 4402 8644 
4 6178 992 4490 2544 
4 5172 4638 3672 1433 
4 4995 6558 586 9576 
4 9966 6534 2749 3170 
4 1621 3542 7494 9747 
4 2642 2085 5729 3775 
4 3648 9344 6913 201 
4 120 8601 7851 8478 
4 3757 2828 8626 3781 
4 5686 3257 6038 4550 
4 7451 4139 6567 8397 
4 7643 774 5931 8138 
4 6571 7464 7148 403 
4 2628 7814 4244 2862 
4 3889 9542 7545 3593 
4 5156 2323 3112 1763 
4 8186 2870 2795 9275 
4 328 6134 2300 4150 
4 676 4058 7862 3376 
4 9302 18 8233 8997 
4 3475 2308 6537 8187 
4 9151 7079 8242 8267 
4 9713 6467 58 6927 
4 4959 9559 1383 4390 
4 8865 2213 5081 4044 
4 2036 2814 3840 3869 
4 5366 8115 8259 3708 
4 7316 6171 1160 3451 
4 9900 446 8849 9320 
4 4480 7166 778 1711 
4 5609 6147 7703 9528 
4 7445 5845 2160 3842 
4 8506 7673 1049 1839 
4 2123 2305 5540 1936 
4 8616 3583 9873 9243 
4 8079 2243 2267 1136 
4 11 9605 8101 3526 
4 8094 6359 654 3126 
4 245 4837 6123 7267 
4 2313 6050 5096 2023 
4 8430 333 1552 5359 
4 8167 7944 3950 7953 
4 1509 4284 5324 3913 
4 9514 7726 9374 373 
4 2985 8509 9921 8286 
4 5136 8036 6777 6842 
4 687 6300 5854 7922 
4 2944 4902 7008 7385 
4 4551 6580 9784 7466 
4 2282 8367 2920 9289 
4 706 7522 2817 3106 
4 1767 3745 5209 1845 
4 2535 5665 3618 3899 
4 4498 3632 2203 6481 
4 1231 65 3253 2718 
4 1427 4690 9340 9283 
4 2674 8348 9856 463 
4 6060 8563 5600 6985 
4 177 6989 593 4151 
4 7026 9722 9732 8026 
4 8701 7756 9942 5622 
4 7700 7050 2994 6638 
4 3002 1359 8047 7212 
4 3083 9649 1096 6582 
4 4965 6313 8834 2941 
4 5919 9111 9691 780 
4 7920 4516 2572 8346 
4 1996 8697 8721 1817 
4 1357 8253 1372 5962 
4 3229 2619 9778 2571 
4 6329 745 9366 1085 
4 9252 522 1336 4137 
4 2364 9443 4951 103 
4 3485 8839 6316 1861 
4 7209 3356 565 4351 
4 717 9751 2009 709 
4 2802 67 9779 2351 
4 4582 8477 6363 6602 
4 251 4352 3368 6477 
4 2112 2647 6426 8199 
4 5891 9123 7119 257 
4 5909 2905 9365 3089 
4 8811 8751 6994 645 
4 3443 1340 9325 4259 
4 9154 7629 5492 3379 
4 6 8614 7489 7981 
4 5793 4884 6415 8947 
4 9124 214 1976 1202 
4 171 7671 2536 4293 
4 332 7330 5593 1510 
4 1787 7911 2162 4867 
4 2095 9629 8200 9968 
4 9585 1701 9806 3062 
4 1344 4357 3496 9546 
4 4134 3214 8501 750 
4 4477 8003 3308 6666 
4 60 1001 8835 9930 
4 5239 5544 8923 8163 
4 188 1820 2957 5330 
4 4557 9974 1717 6342 
4 9363 6914 6297 5149 
4 877 5244 9511 6956 
4 8529 1975 5236 1505 
4 1740 7934 4222 8779 
4 5518 4727 7057 7391 
4 5733 4711 1351 1564 
4 5332 8658 3750 5991 
4 321 7613 7677 7439 
4 1800 4977 4331 4572 
4 2776 296 9545 924 
4 8651 1364 1883 3730 
4 2575 7415 8040 9166 
4 4696 8431 7153 8449 
4 6188 8990 3120 5758 
4 1249 2245 5970 1522 
4 1965 5529 1747 7344 
4 9962 7647 4717 5028 
4 791 5131 3473 9419 
4 7210 9426 5808 5683 
4 8915 9341 3579 6616 
4 2509 4161 4415 8579 
4 7699 5488 5074 1743 
4 8168 9550 8056 6738 
4 5835 3087 1061 2265 
4 7972 96 2573 55 
4 767 7824 6627 6042 
4 1714 3655 6419 1673 
4 2043 5728 8418 6273 
4 9271 9397 301 902 
4 7250 9572 3830 8470 
4 8866 264 631 3845 
4 9569 5155 5720 8548 
4 1200 6144 797 9626 
4 1523 197 385 3306 
4 2952 3223 8607 1636 
4 773 7524 1508 2809 
4 1178 3834 9797 2055 
4 1889 8625 4870 6742 
4 9566 6336 9853 3167 
4 2089 6309 8702 3978 
4 5553 7748 9048 3905 
4 6226 4960 8487 8132 
4 6410 4367 5864 730 
4 407 6377 283 8659 
4 3137 1476 6384 6192 
4 1810 9250 1948 7155 
4 4600 2612 7567 3673 
4 5375 8183 7436 3271 
4 3557 9718 5610 4079 
4 4649 278 8707 1228 
4 1998 8671 2486 4524 
4 3791 4043 8940 6058 
4 3870 875 9952 4200 
4 4861 3944 5308 6198 
4 6769 9689 3001 9265 
4 2353 8172 7253 9871 
4 6028 9746 1912 9078 
4 6747 5476 5170 7302 
4 9843 3 3367 1429 
4 3857 2000 7443 1587 
4 85 6662 3997 7412 
4 1483 2912 6010 8677 
4 432 4532 8204 7118 
4 1140 8453 915 4527 
4 8297 4706 836 9755 
4 9507 1720 2927 6146 
4 263 1853 3278 6981 
4 884 4179 6578 1040 
4 7880 5207 6012 4607 
4 3028 7103 8683 3885 
4 4469 5203 995 9695 
4 6483 7095 5849 1708 
4 8442 6110 7617 8722 
4 513 7696 634 2585 
4 3022 5803 8670 464 
4 3728 7978 8964 6320 
4 1224 8929 3508 7618 
4 1378 1821 7296 3518 
4 6757 6444 7319 4565 
4 1037 3561 9908 1542 
4 1253 1073 3037 1526 
4 2877 3877 4883 4617 
4 4474 8750 9464 7603 
4 6370 5174 7861 9359 
4 1681 5197 8932 8895 
4 3736 4871 3375 4307 
4 6498 3362 4439 2939 
4 1117 8692 1152 1484 
4 1684 3248 7759 137 
4 1923 4786 1116 1154 
4 5785 2627 2937 7870 
4 559 5902 7536 8524 
4 4038 1571 8328 6367 
4 9599 8874 3892 520 
4 2488 4521 4292 4361 
4 3511 6296 9197 2592 
4 5278 8637 9880 4975 
4 5462 9849 8956 5823 
4 2798 7678 7823 916 
4 3853 8466 5341 7178 
4 1261 3544 6656 3107 
4 1833 970 5839 17 
4 3055 9769 4946 6231 
4 5547 7041 172 9907 
4 56 5941 7463 1361 
4 174 4668 5705 2600 
4 1712 6605 9425 6938 
4 2566 9961 3769 6577 
4 6220 5441 5998 846 
4 6965 8527 5548 2185 
4 1726 7255 7238 9014 
4 5378 9984 5503 760 
4 529 2368 10 3050 
4 6389 1430 145 688 
4 7130 7215 7363 8363 
4 4604 1122 6715 738 
4 5250 1765 923 1570 
4 8516 3969 8931 4663 
4 9350 844 9092 525 
4 297 3746 4731 5151 
4 451 5563 8714 7740 
4 1234 5446 9168 556 
4 2106 6583 912 6205 
4 3516 208 9741 3134 
4 6856 5271 1827 7218 
4 1601 5118 9895 164 
4 2716 1487 2165 6364 
4 5649 1197 5579 6266 
4 6752 5325 4093 3258 
4 2766 3540 6526 6540 
4 7624 9597 139 8239 
4 7778 9161 4990 8059 
4 926 8833 3104 4491 
4 1963 2649 7558 7149 
4 2407 9182 6133 2295 
4 9121 2221 6396 117 
4 2007 8673 1589 6451 
4 7518 9450 3674 2484 
4 8081 5013 4230 8161 
4 9214 5007 8650 5948 
4 1648 5574 211 9390 
4 5017 7839 480 5056 
4 2804 5899 8044 7152 
4 4627 8824 9246 6052 
4 5627 9594 2309 7692 
4 7499 1010 3691 7346 
4 628 8198 6680 2836 
4 2879 8293 2848 7204 
4 4126 2127 9490 9135 
4 5875 6149 7983 642 
4 87 2555 2590 3029 
4 8617 6102 5879 6645 
4 1015 6036 6623 8247 
4 1825 9588 7151 7954 
4 3276 7318 6721 1876 
4 3932 1847 6157 8606 
4 9719 7278 7752 8609 
4 656 2811 6215 9471 
4 2125 597 2872 4555 
4 3608 6731 8653 178 
4 3828 8305 3973 5513 
4 289 1866 3239 9414 
4 900 1735 1943 9580 
4 9776 3692 3677 4671 
4 28 9286 7375 2516 
4 206 1620 6193 3480 
4 4650 4859 931 6256 
4 5487 2538 8652 9852 
4 1159 1464 9382 2697 
4 1856 5824 1393 2226 
4 590 6350 1056 8134 
4 1311 9499 5815 3891 
4 4170 1819 8578 3808 
4 6685 4573 3132 4522 
4 6703 7888 1632 9276 
4 3527 2999 1260 4496 
4 6531 3092 1129 1205 
4 834 4792 5559 8537 
4 5058 5981 8434 5061 
4 6111 7764 1877 9637 
4 6152 1994 8468 6053 
4 8258 5094 124 53 
4 151 6443 9238 6206 
4 307 4054 6984 1718 
4 2732 1874 9407 290 
4 6741 3895 8684 9241 
4 4933 7105 142 236 
4 7475 8342 1642 2190 
4 7875 3573 6228 1562 
4 589 1888 4725 8967 
4 2705 4611 4997 7734 
4 7542 1884 4661 4857 
4 9799 6306 1704 9326 
4 2091 4814 7512 4865 
4 2428 4055 7777 9165 
4 3980 5371 4636 7413 
4 9675 7610 4692 5418 
4 9748 7884 2490 8907 
4 4442 9730 253 4774 
4 9714 9864 9761 4989 
4 3297 6932 5710 6676 
4 4091 7993 9376 9530 
4 4592 7361 7219 8032 
4 6628 6651 9602 5644 
4 8035 735 6849 7406 
4 540 2241 1445 2765 
4 2020 3924 4703 3558 
4 4875 7286 4363 1440 
4 6155 4066 7659 4716 
4 362 5044 7090 5235 
4 648 4926 7662 5794 
4 1282 3912 2254 2854 
4 1837 6557 3945 4381 
4 5517 5035 7526 9523 
4 2565 6326 8423 4187 
4 2887 6827 3802 4506 
4 3654 5671 8176 898 
4 3839 9976 1595 5020 
4 7841 4656 8123 1023 
4 9896 7003 7074 7594 
4 2400 9016 6365 6733 
4 2461 3553 5916 6976 
4 3531 4771 4904 3498 
4 534 1598 4089 6380 
4 2806 4064 3567 7382 
4 4410 9650 8333 6794 
4 6366 5389 5530 7733 
4 8241 9922 1467 7037 
4 358 4559 3422 2457 
4 1339 1406 4773 7374 
4 2006 2081 8597 6289 
4 5474 5205 7432 2375 
4 6673 6436 3906 1723 
4 1332 9453 1471 2783 
4 1533 7356 4412 7683 
4 2320 5355 9368 960 
4 9220 210 404 5336 
4 147 3760 4879 33 
4 5898 9988 6988 7914 
4 6076 6800 489 689 
4 8432 9848 2907 4375 
4 8861 9456 622 1422 
4 1584 4478 5178 8019 
4 4495 6857 5489 6490 
4 6361 909 3323 7419 
4 146 4720 8889 2381 
4 1609 8938 7426 5457 
4 3718 6514 9879 5551 
4 6778 9468 2389 4766 
4 7821 4011 4639 7785 
4 8376 8715 5869 9361 
4 2462 7534 8648 3244 
4 3145 5633 3704 5856 
4 5086 7249 6528 9043 
4 7768 8153 8898 4452 
4 7818 7943 1021 2401 
4 737 2874 7230 8150 
4 2398 7310 9703 6784 
4 3582 8043 9726 9561 
4 3617 9192 9684 8894 
4 7530 6340 7175 8845 
4 396 3882 2260 9072 
4 1529 8823 1930 1512 
4 3595 3914 4026 6016 
4 7592 3983 4057 1922 
4 150 4953 3299 7917 
4 2129 3153 3352 5467 
4 3559 6208 6585 5776 
4 5901 9631 8299 8954 
4 6870 7990 635 3966 
4 39 5865 5085 5380 
4 198 1952 5255 8325 
4 835 6202 9143 9222 
4 3371 8425 9971 7454 
4 5461 9122 8746 8679 
4 5920 7013 1090 1886 
4 2191 6466 4202 4467 
4 3749 8712 4823 5522 
4 3985 7116 32 804 
4 4907 5724 947 9221 
4 5832 6834 3188 7956 
4 7770 9429 5556 6649 
4 359 9802 7010 3075 
4 512 9062 1507 8682 
4 3339 5531 9667 7480 
4 7596 9549 7966 1822 
4 8238 4124 6724 9606 
4 711 3129 5615 45 
4 2134 7689 3136 9183 
4 3564 4016 4640 6184 
4 4704 9091 9734 1347 
4 9828 7809 170 5756 
4 149 1761 678 3428 
4 2277 6700 7221 3011 
4 2924 5896 6421 4887 
4 3811 7220 9868 5908 
4 8519 6574 7186 2343 
4 300 1100 3322 1256 
4 2148 6243 6705 7876 
4 2167 3991 2707 6873 
4 4208 8276 5451 3724 
4 7731 3694 2024 3641 
4 7970 8196 6811 7964 
4 9173 1382 4465 6160 
4 0 313 3121 6203 
4 849 5047 4514 6264 
4 5566 8632 9978 8263 
4 5584 6446 9096 6681 
4 471 3020 5164 5939 
4 611 2467 6637 2495 
4 2198 2278 9573 6903 
4 6248 8562 9752 1199 
4 8264 8517 2672 5166 
4 9459 7984 6015 5954 
4 1047 1908 8027 8908 
4 4335 4708 4949 1157 
4 5277 7975 9299 6659 
4 6553 1044 6522 5657 
4 8752 8133 6596 9996 
4 1174 2983 6942 7424 
4 4659 7386 3818 6726 
4 9583 1179 4340 5860 
4 9891 9987 5040 2367 
4 1181 4215 4992 3203 
4 1569 5240 8711 8801 
4 2875 6648 9068 9328 
4 3681 9210 541 3226 
4 5947 7425 7384 708 
4 433 1106 2337 1593 
4 1411 3412 5721 5173 
4 3127 6017 7727 5449 
4 4511 6112 9038 3517 
4 5362 9836 9633 6719 
4 562 4790 7521 1668 
4 2062 5836 7509 8143 
4 5763 6022 825 1616 
4 8222 2506 6478 8210 
4 514 4286 1840 3031 
4 1381 4456 6246 2702 
4 3563 8160 9721 355 
4 3894 5536 5813 7500 
4 4419 2025 8202 6351 
4 204 7555 8696 8828 
4 2296 4052 2601 4206 
4 5157 8413 5496 3105 
4 8667 8863 8864 4958 
4 9486 968 8336 608 
4 889 1400 5730 2120 
4 1751 8139 465 5198 
4 1768 6492 7877 6280 
4 4359 2954 4188 6275 
4 6713 5872 8031 4092 
3 8810 70 6864 
3 1012 2159 2437 
3 1409 2329 8876 
3 1535 4742 3330 
3 3596 9920 6051 
3 7751 9935 955 
3 8006 919 1321 
3 8977 9995 3657 
3 234 1843 3235 
3 240 3004 3972 
3 530 4858 9198 
3 2033 7633 4801 
3 2578 4228 3809 
3 4943 8089 8919 
3 5368 131 1640 
3 6263 9269 2746 
3 6960 430 9600 
3 9418 8215 9187 
3 270 3311 3926 
3 431 1062 5082 
3 456 7729 7924 
3 4000 7397 9028 
3 5606 5751 372 
3 6576 7614 9519 
3 8454 9716 2604 
3 9768 2661 2786 
3 97 6008 6097 
3 500 1939 6698 
3 620 1750 5208 
3 978 9699 9767 
3 1330 7995 2949 
3 2193 3939 6964 
3 2762 9201 2072 
3 4046 1036 5191 
3 8137 1980 3956 
3 9332 439 2632 
3 9446 8401 9538 
3 136 4534 8447 
3 673 4301 1259 
3 1744 4796 6161 
3 2977 6003 9431 
3 5986 6890 9656 
3 6761 7663 2514 
3 7170 9584 2713 
3 9086 885 1796 
3 1475 5482 7407 
3 1519 3212 4798 
3 2102 2772 2694 
3 3590 6835 4221 
3 4942 6565 5245 
3 6824 6844 7457 
3 7991 9398 8822 
3 8180 9413 9944 
3 24 2595 8435 
3 183 1649 4104 
3 956 3370 8326 
3 1318 2074 6352 
3 1961 6137 3793 
3 2399 8252 8383 
3 3280 8568 6809 
3 37 86 1279 
3 1694 5752 9083 
3 2207 3060 3344 
3 4238 5732 4502 
3 4387 4635 5666 
3 4777 6887 9855 
3 6121 6197 7800 
3 6450 9075 6463 
3 7674 7881 8037 
3 7895 2953 4783 
3 8859 1983 2881 
3 457 4839 1546 
3 2297 3822 2891 
3 5994 7471 6302 
3 7461 7554 9036 
3 7586 602 3543 
3 458 1755 4358 
3 487 7812 8900 
3 756 4595 7410 
3 1538 5897 6959 
3 3364 5168 6963 
3 4248 7724 6972 
3 4400 2903 8093 
3 7320 9009 7357 
3 7362 8314 8815 
3 335 2149 4399 
3 2144 3141 3951 
3 2210 3052 6311 
3 2596 2608 7206 
3 4116 4596 8353 
3 4434 9047 5024 
3 6471 4339 6506 
3 6915 7387 8766 
3 7094 9094 8930 
3 9035 2028 2956 
3 9137 462 2610 
3 221 392 2741 
3 801 3347 9215 
3 1371 1536 9578 
3 2785 8486 9114 
3 3021 4504 6332 
3 3875 6353 9564 
3 9838 4069 4994 
3 40 9659 2837 
3 1161 2859 1688 
3 1678 5628 6127 
3 2892 7078 6818 
3 3651 5066 7850 
3 3789 6448 1453 
3 6925 4877 5233 
3 7602 802 6175 
3 7889 2059 6232 
3 31 9709 168 
3 725 4982 2469 
3 2412 3887 8663 
3 4736 502 6328 
3 5181 842 1009 
3 6148 840 1778 
3 9820 739 7557 
3 1426 2307 4097 
3 2683 5106 6229 
3 2685 7959 4688 
3 4291 7632 8438 
3 5125 8543 7859 
3 6944 9394 511 
3 7694 8737 9993 
3 8028 9651 4488 
3 78 3012 4549 
3 152 615 639 
3 325 644 1959 
3 343 3841 8576 
3 393 1220 2169 
3 402 5128 6725 
3 2101 6699 5817 
3 3318 8426 9223 
3 7960 9540 8022 
3 9015 1043 2950 
3 9595 4567 4689 
3 9678 5719 7742 
3 229 6473 613 
3 1869 5631 4787 
3 5558 9489 4099 
3 5959 7395 8804 
3 34 68 5422 
3 793 5676 7423 
3 848 5190 8256 
3 2388 8643 7803 
3 4031 9957 9227 
3 5882 7971 6034 
3 8950 1080 1377 
3 726 953 1807 
3 1165 1979 6315 
3 2242 7314 640 
3 2472 3123 7631 
3 3555 3903 305 
3 3679 7994 8097 
3 3743 8903 20 
3 4826 13 252 
3 4855 6746 6005 
3 4880 579 5850 
3 6952 3515 6452 
3 7532 413 5881 
3 7697 467 1270 
3 1167 7132 7581 
3 1892 9892 3698 
3 4723 5443 5731 
3 4969 153 2304 
3 6225 477 3509 
3 7430 9887 2137 
3 76 2669 4047 
3 860 1502 4811 
3 1590 3396 6922 
3 2002 7176 7666 
3 2164 5212 8398 
3 2215 4298 5951 
3 6357 8571 9274 
3 8629 9475 57 
3 346 4173 6046 
3 740 2929 3665 
3 3621 4750 6479 
3 4078 5863 7826 
3 4267 7496 293 
3 4451 6563 9280 
3 5950 6674 6095 
3 6189 414 2232 
3 6291 193 1549 
3 395 2527 4245 
3 649 1369 2432 
3 1586 3246 4246 
3 1953 2898 4922 
3 2019 7713 3233 
3 2358 4155 4554 
3 2629 3581 5161 
3 4279 7036 9524 
3 4679 9337 5829 
3 5146 8212 7906 
3 7951 83 4249 
3 937 3146 3902 
3 949 6544 7804 
3 1276 3449 5346 
3 1416 3761 7024 
3 2799 4662 6210 
3 5026 6740 6104 
3 7252 8206 8821 
3 7565 8456 1194 
3 8986 9830 1084 
3 9065 3261 9157 
3 554 2531 2634 
3 568 2751 4030 
3 868 1504 3161 
3 1286 3482 4311 
3 1650 4314 6244 
3 2533 2824 3838 
3 3504 5895 7194 
3 4747 16 23 
3 9234 2529 2668 
3 9313 9526 3748 
3 444 4653 7813 
3 1516 4537 4856 
3 1793 8229 3773 
3 3263 5200 8498 
3 3431 6270 7743 
3 3806 5714 9105 
3 5387 7653 8675 
3 6630 7236 9543 
3 7197 9294 1031 
3 982 1032 1250 
3 1118 3174 3332 
3 1514 2303 4398 
3 1527 3911 4501 
3 1532 6258 7963 
3 2047 3930 4328 
3 4176 7490 8440 
3 4767 6294 7018 
3 5401 8277 9333 
3 5672 6664 8965 
3 9458 9488 9635 
3 9496 675 4001 
3 9692 2442 3316 
3 9810 1201 1296 
3 1452 1891 4578 
3 1986 4623 4841 
3 4892 6828 7559 
3 4914 6245 7150 
3 5237 8201 8952 
3 6612 9551 2264 
3 6920 8642 9680 
3 8355 2712 3125 
3 9958 1027 2422 
3 499 2143 3824 
3 1606 2671 3880 
3 1618 3513 5199 
3 4713 5834 6693 
3 4935 5175 5373 
3 5059 6430 6852 
3 5980 8654 8729 
3 6494 6510 8727 
3 6569 3407 3747 
3 6744 6822 8179 
3 6962 3099 5043 
3 8289 9251 9260 
3 9085 5769 9002 
3 9711 4144 4447 
3 225 8918 9022 
3 365 4164 4898 
3 459 8067 4775 
3 858 7622 9149 
3 4605 5641 9858 
3 6093 8177 2328 
3 7761 3147 7237 
3 30 4095 7828 
3 115 4407 5400 
3 3570 7418 8897 
3 5097 8981 9272 
3 6604 7957 8235 
3 8593 123 1898 
3 8808 9655 1058 
3 185 1951 2402 
3 1806 3547 6846 
3 2335 4562 7600 
3 3274 6118 8567 
3 6130 8382 9624 
3 6600 9985 1865 
3 7849 9181 9611 
3 94 1669 1978 
3 576 2235 1110 
3 1132 6766 8978 
3 2570 2946 3355 
3 4156 5831 6002 
3 4482 4558 6126 
3 5098 5471 6398 
3 6323 6590 6727 
3 6851 7190 7721 
3 7048 8472 9073 
3 8108 8756 4197 
3 1639 2046 2205 
3 2220 2466 4325 
3 2240 4840 7085 
3 4546 6090 6472 
3 4694 6993 7616 
3 5077 5442 7127 
3 6078 7315 7868 
3 6669 7273 8806 
3 6899 7899 8340 
3 7247 7665 8753 
3 8388 8393 896 
3 9771 1754 1835 
3 9927 2582 3078 
3 473 1288 4489 
3 2333 2591 5505 
3 3587 5041 5944 
3 3615 3883 7329 
3 4804 9859 5019 
3 5812 6524 7634 
3 6223 6711 7805 
3 6304 8372 8734 
3 7693 8129 8572 
3 9338 9613 516 
3 9745 160 1266 
3 899 1848 2911 
3 1271 1774 2216 
3 2105 2294 5323 
3 3506 6774 143 
3 4564 8640 22 
3 7460 419 1192 
3 101 1137 3265 
3 1212 1849 3878 
3 1313 2730 3884 
3 2234 2549 3664 
3 3324 5189 5621 
3 4172 5460 5613 
3 5140 6990 8573 
3 5702 6739 7275 
3 5800 6356 6697 
3 6560 9013 7815 
3 6671 9877 9948 
3 9003 9603 1653 
3 1086 4746 5276 
3 2136 8996 9134 
3 2199 3281 4308 
3 2237 6803 3038 
3 2754 3933 4312 
3 3439 7121 8021 
3 7123 8994 2781 
3 7491 2793 3578 
3 417 558 2453 
3 753 6064 6581 
3 906 1699 2390 
3 3097 3402 3849 
3 4217 7686 7931 
3 4255 5134 5397 
3 5171 9261 9679 
3 5268 9744 9230 
3 6063 8773 9029 
3 381 1127 1480 
3 550 8716 1488 
3 796 1170 2268 
3 1461 3873 9844 
3 1656 4196 5598 
3 2016 2417 2852 
3 2289 3782 4136 
3 4394 4599 4818 
3 4918 5523 6023 
3 5234 5426 5903 
3 6035 6414 8411 
3 6595 6636 7510 
3 6831 8084 9194 
3 9008 219 2444 
3 159 828 1093 
3 472 1624 2621 
3 1172 2775 3817 
3 1783 2951 3888 
3 2406 3131 3491 
3 3381 4678 5246 
3 4613 4630 6096 
3 5253 6261 6520 
3 6132 7400 8166 
3 7117 7786 8049 
3 7233 8759 8789 
3 8316 8464 8793 
3 9759 9901 279 
3 133 1404 1665 
3 217 1627 1814 
3 845 893 2068 
3 1867 1985 2334 
3 2731 3262 3965 
3 3300 3442 3783 
3 3334 4094 4910 
3 5736 6432 7903 
3 5770 6227 6517 
3 6373 7788 8539 
3 6529 7309 7684 
3 6953 8633 8987 
3 8618 218 1781 
3 610 1801 1836 
3 1208 1221 2281 
3 2065 2750 3312 
3 2554 2987 3584 
3 2711 3401 4088 
3 3721 4932 5577 
3 3744 4193 5391 
3 4479 4487 5313 
3 5398 7969 9502 
3 5586 5917 6180 
3 5966 7501 7925 
3 5972 9534 8165 
3 9535 9575 1646 
3 401 1899 3927 
3 651 669 2722 
3 990 5064 5370 
3 1184 3445 3862 
3 1904 5104 6812 
3 3539 6586 7110 
3 4894 5132 7371 
3 6417 7980 8665 
3 7388 7675 7898 
3 9200 545 934 
3 9660 89 2184 
3 1292 3947 5599 
3 1638 2376 3216 
3 1716 2464 7695 
3 2326 3929 5594 
3 2947 4428 4529 
3 3076 3085 3411 
3 3124 4544 7672 
3 4538 5481 7065 
3 4981 7289 8694 
3 7502 8638 9846 
3 9754 9770 9882 
3 9941 163 292 
3 144 249 827 
3 757 1130 1935 
3 771 977 1299 
3 1683 1928 4628 
3 2087 2173 2560 
3 3017 3521 3807 
3 3424 6259 7043 
3 4669 5345 5511 
3 6405 7907 8584 
3 6770 8015 8525 
3 7664 7902 9356 
3 8268 9156 9209 
3 8842 207 1120 
3 8934 930 1870 
3 304 1469 2050 
3 894 1138 2463 
3 2022 2057 2480 
3 2567 3580 6068 
3 2835 3115 4163 
3 2990 5122 6973 
3 4833 7096 7608 
3 6307 6497 6958 
3 6409 9140 6805 
3 7177 8732 7744 
3 9089 9670 199 
3 157 241 691 
3 288 4842 6331 
3 316 1209 4882 
3 618 1331 3941 
3 2011 5429 5804 
3 3313 3610 4646 
3 4149 7223 7274 
3 4553 8273 8709 
3 7014 7134 7553 
3 7962 8853 287 
3 8776 9785 9860 
3 356 3353 3893 
3 643 728 2227 
3 865 2179 4337 
3 2564 4392 4948 
3 3178 5514 7163 
3 3186 3541 5725 
3 5192 6301 6897 
3 6425 7216 7544 
3 6541 7640 9225 
3 7642 8298 8409 
3 7878 8886 9152 
3 8068 8502 9491 
3 9179 862 1277 
3 108 616 1227 
3 819 1574 1958 
3 1652 2418 2805 
3 1841 4468 4789 
3 1971 3006 4714 
3 2288 5329 5550 
3 3753 4355 5060 
3 4226 5182 5578 
3 5206 5254 5663 
3 5718 7229 8870 
3 6213 7019 9100 
3 6387 6904 9367 
3 6513 7546 7795 
3 7298 9406 8534 
3 8645 867 1495 
3 9647 9710 9863 
3 186 733 2163 
3 425 784 2239 
3 1809 2563 2841 
3 3425 3438 3536 
3 3798 4143 5424 
3 4508 4598 5612 
3 4634 5658 5848 
3 5534 6629 6796 
3 5741 8941 9172 
3 5825 6087 7087 
3 5952 7948 8740 
3 6814 9329 9617 
3 8141 9232 9553 
3 8310 9870 9885 
3 226 769 800 
3 347 348 378 
3 1376 1479 1563 
3 1615 1661 2201 
3 1700 2318 3209 
3 2344 4693 4791 
3 2435 2689 5510 
3 2577 3712 3812 
3 3208 5573 5771 
3 5611 5958 8564 
3 6484 7556 9158 
3 6620 9570 9582 
3 7091 7349 128 
3 9423 9590 789 
3 189 383 719 
3 1099 4518 4726 
3 1403 2152 4290 
3 1685 3917 4906 
3 4403 6748 7434 
3 4986 7333 7799 
3 6125 7441 8309 
3 6253 7365 9314 
3 8103 8771 9555 
3 8321 9862 9876 
3 9346 415 633 
3 349 1196 1788 
3 441 1494 1909 
3 958 1235 1949 
3 1131 4211 4709 
3 2012 5183 5316 
2 2451 2586 
2 2470 4939 
2 3213 5294 
2 5409 6917 
2 6692 7758 
2 6701 7140 
2 7060 7580 
2 7459 7541 
2 7835 8493 
2 7946 8086 
2 8064 9954 
2 8347 863 
2 9205 9819 
2 203 291 
2 361 703 
2 831 1188 
2 1119 1180 
2 1230 1284 
2 1679 1799 
2 1868 2878 
2 1993 2382 
2 2356 2550 
2 3327 3784 
2 3859 5343 
2 3860 4996 
2 3949 5148 
2 5379 8686 
2 6279 6456 
2 6457 8080 
2 8282 8960 
2 8379 9737 
2 9323 4 
2 280 693 
2 388 405 
2 509 782 
2 935 1335 
2 1105 2384 
2 1323 1611 
2 1732 1818 
2 2035 2483 
2 2498 4621 
2 3247 3821 
2 5410 6843 
2 5694 7507 
2 5779 8406 
2 7479 7669 
2 7807 7965 
2 8412 1133 
2 8726 9372 
2 8875 1074 
2 9999 2579 
2 200 2789 
2 227 2324 
2 258 1111 
2 268 3787 
2 922 4254 
2 1046 1135 
2 2378 4344 
2 3394 4330 
2 4632 4633 
2 4664 4675 
2 4734 4950 
2 5051 5833 
2 5699 6085 
2 6233 7307 
2 6407 8970 
2 7251 7753 
2 8410 8985 
2 8784 9102 
2 8955 9663 
2 9807 318 
2 376 1029 
2 662 811 
2 983 2405 
2 1553 2311 
2 1987 2086 
2 2373 3389 
2 2386 2541 
2 2942 3292 
2 3386 3639 
2 3922 4461 
2 4107 4979 
2 5356 6500 
2 5844 5977 
2 6635 7791 
2 6983 8523 
2 7667 8461 
2 8791 9636 
2 9604 9742 
2 9701 9724 
2 173 342 
2 491 741 
2 794 2030 
2 2410 2508 
2 2676 2715 
2 3199 3385 
2 3827 4425 
2 4371 7322 
2 5005 5177 
2 5327 6158 
2 6371 6434 
2 7092 7399 
2 8164 8602 
2 8374 8491 
2 8731 9162 
2 9148 9186 
2 9533 9557 
2 9632 9644 
2 9717 872 
2 409 621 
2 1534 1918 
2 1992 2883 
2 2825 3008 
2 3756 3819 
2 3866 4220 
2 4273 4369 
2 4810 5413 
2 5187 5266 
2 5885 6242 
2 6254 6420 
2 6647 7627 
2 7340 7820 
2 7706 7992 
2 8136 8872 
2 8725 9342 
2 9773 917 
2 69 1206 
2 148 821 
2 195 1439 
2 984 1063 
2 1045 1329 
2 1415 1554 
2 1705 1897 
2 1969 2747 
2 2934 3225 
2 3267 3799 
2 3794 3935 
2 4323 4978 
2 4435 4651 
2 5073 5210 
2 5399 5643 
2 5957 6678 
2 7069 8857 
2 7228 7636 
2 7712 7832 
2 9282 312 
2 9609 9977 
2 435 508 
2 437 605 
2 483 1610 
2 652 2166 
2 901 2427 
2 1731 2172 
2 2503 3058 
2 2803 2873 
2 2884 3144 
2 3227 3466 
2 3474 4237 
2 3620 4260 
2 4032 4103 
2 4214 4356 
2 4535 5045 
2 4807 5167 
2 5265 5361 
2 5470 7165 
2 5840 5853 
2 5883 6234 
2 5979 6480 
2 6174 6499 
2 7033 7243 
2 7093 7393 
2 7264 7938 
2 7276 7736 
2 7408 8613 
2 7547 9963 
2 8728 8879 
2 8758 9327 
2 9159 194 
2 9362 1654 
2 179 2330 
2 987 2425 
2 1305 2996 
2 2500 3636 
2 4224 5350 
2 4372 4758 
2 4822 4860 
2 5340 5745 
2 5508 6077 
2 6654 6841 
2 6675 6901 
2 7097 7172 
2 7416 7588 
2 7793 8142 
2 7915 8395 
2 8507 8535 
2 8570 8778 
2 8770 9070 
2 8780 9011 
2 9775 9787 
2 9822 4890 
2 111 6187 
2 118 4891 
2 184 7059 
2 192 6853 
2 209 7789 
2 303 4972 
2 596 7639 
2 1142 7427 
2 2170 8117 
2 2206 8311 
2 2556 8877 
2 2769 8144 
2 3082 9380 
2 3476 8786 
2 3530 9749 
2 3879 9415 
2 3984 4732 
2 4577 1614 
2 478 482 
2 729 1831 
2 1728 3777 
2 2520 3044 
2 3189 4175 
2 4285 4376 
2 5067 7086 
2 5107 5557 
2 5279 6128 
2 6141 7098 
2 7561 7856 
2 7578 7883 
2 7942 8038 
2 8114 8961 
2 8224 8405 
2 8361 8417 
2 8975 9264 
2 9218 9571 
2 9421 9931 
2 121 274 
2 230 908 
2 1485 1695 
2 1517 2512 
2 1972 2771 
2 2485 2808 
2 2812 4523 
2 2974 3716 
2 3493 3717 
2 3727 4952 
2 4724 5747 
2 5696 6614 
2 5906 5993 
2 5983 6902 
2 6156 6308 
2 6411 7075 
2 7590 7741 
2 8061 8244 
2 8135 9556 
2 8272 9436 
2 156 1350 
2 781 1496 
2 1625 3685 
2 2039 2098 
2 4232 4470 
2 4699 4899 
2 5483 6177 
2 5504 6682 
2 6559 7077 
2 6720 6833 
2 6937 7045 
2 7187 7483 
2 7606 7847 
2 8002 8462 
2 8009 8530 
2 8075 9031 
2 9793 61 
2 256 311 
2 424 507 
2 574 833 
2 1177 1226 
2 1283 1937 
2 1749 2110 
2 2271 2272 
2 2532 2602 
2 2827 3635 
2 4063 4098 
2 4333 4845 
2 5213 5304 
2 5533 5727 
2 5617 5870 
2 6265 6429 
2 6428 6545 
2 6607 7730 
2 7017 7864 
2 8011 8045 
2 8110 8561 
2 8220 8542 
2 8500 9736 
2 8698 8797 
2 8880 9126 
2 81 428 
2 682 866 
2 795 1006 
2 1171 1326 
2 1501 1513 
2 1634 1753 
2 1696 1917 
2 1804 1984 
2 2231 2298 
2 2447 3023 
2 2657 4297 
2 3053 3059 
2 3108 3690 
2 3307 4427 
2 4440 5158 
2 4588 4876 
2 4913 5023 
2 4966 4980 
2 5260 5262 
2 5377 5382 
2 5783 5938 
2 6026 7248 
2 6971 7404 
2 7068 8494 
2 7337 7533 
2 7550 8556 
2 8159 8635 
2 8868 9301 
2 9357 9686 
2 9457 406 
2 9498 803 
2 538 1166 
2 903 1622 
2 959 1703 
2 1789 2252 
2 3268 3993 
2 3469 5480 
2 4262 4305 
2 5008 5754 
2 5907 6551 
2 6075 6293 
2 6539 6998 
2 7022 7138 
2 7030 7292 
2 7139 7367 
2 7682 7711 
2 7830 7833 
2 7929 8190 
2 8441 8473 
2 8850 8924 
2 9007 9296 
2 9521 9910 
2 9932 182 
2 1275 1762 
2 1307 2583 
2 1932 2357 
2 2310 2393 
2 2673 7453 
2 2900 3361 
2 3205 3266 
2 3534 3846 
2 4591 5632 
2 4770 5472 
2 5585 5910 
2 6021 7514 
2 6098 6237 
2 6257 8555 
2 6412 6617 
2 7067 7584 
2 8592 8968 
2 9823 658 
2 603 668 
2 1149 1191 
2 1824 2138 
2 2645 3286 
2 3154 3416 
2 3705 4060 
2 3854 3963 
2 4019 4048 
2 4283 4453 
2 4793 4893 
2 4830 4923 
2 4843 5693 
2 4851 5010 
2 5281 5900 
2 5926 6848 
2 6393 6519 
2 6533 6799 
2 6859 7102 
2 7129 7688 
2 7281 9042 
2 7523 9577 
2 9044 9698 
2 9548 25 
2 224 275 
2 341 452 
2 698 1190 
2 921 1612 
2 1770 1878 
2 2026 2385 
2 2546 2664 
2 2899 3382 
2 2928 2961 
2 3169 3810 
2 3591 3994 
2 3611 3803 
2 4236 4911 
2 4571 5100 
2 5430 6222 
2 5640 6040 
2 6454 6643 
2 6961 7574 
2 7000 8001 
2 7071 7985 
2 7658 9297 
2 8085 8541 
2 9189 9411 
2 9311 9861 
2 9914 27 
2 54 238 
2 319 468 
2 526 582 
2 659 746 
2 886 972 
2 1302 2153 
2 1775 2656 
2 2280 2662 
2 2709 3454 
2 3523 3619 
2 3696 4009 
2 3719 3990 
2 4691 5809 
2 5538 5838 
2 5828 6119 
2 6031 6185 
2 6195 6334 
2 6290 7852 
2 6509 6592 
2 6862 6923 
2 7782 7890 
2 8000 8231 
2 8334 9146 
2 8554 9059 
2 9101 9229 
2 9204 9270 
2 9554 9972 
2 180 999 
2 412 1134 
2 1316 1777 
2 1667 1873 
2 2038 2980 
2 2525 3156 
2 3413 3754 
2 4209 4821 
2 4525 5386 
2 5549 5635 
2 6199 6516 
2 6283 6391 
2 6491 6772 
2 6850 7504 
2 7011 8109 
2 7261 7488 
2 8034 9024 
2 8118 9825 
2 9720 379 
2 9933 422 
2 573 1087 
2 1237 1725 
2 1308 2010 
2 1880 2154 
2 2758 3645 
2 3383 3843 
2 4034 4252 
2 4132 4520 
2 4174 4556 
2 4581 4987 
2 4705 5257 
2 5014 5227 
2 5697 5778 
2 5859 6163 
2 5949 6792 
2 7222 8098 
2 8318 8546 
2 8344 8508 
2 8757 9336 
2 9150 9400 
2 154 533 
2 360 583 
2 911 1290 
2 986 1374 
2 1401 1664 
2 1915 1964 
2 2431 2733 
2 2706 2858 
2 3201 3628 
2 3340 3643 
2 3546 4062 
2 3788 4438 
2 4976 5049 
2 5029 5108 
2 5153 5342 
2 5406 5466 
2 5527 5539 
2 5619 5820 
2 6631 7005 
2 7042 7822 
